\BOOKMARK [0][-]{chapter.1}{\376\377\000I\000n\000t\000r\000o\000d\000u\000c\000c\000i\000\363\000n\000\040\000y\000\040\000o\000b\000j\000e\000t\000i\000v\000o\000s}{}% 1
\BOOKMARK [1][-]{section.1.1}{\376\377\000O\000b\000j\000e\000t\000i\000v\000o\000s}{chapter.1}% 2
\BOOKMARK [0][-]{chapter.2}{\376\377\000F\000u\000n\000d\000a\000m\000e\000n\000t\000a\000c\000i\000\363\000n\000:\000\040\000C\000o\000n\000c\000e\000p\000t\000o\000s\000\040\000y\000\040\000e\000s\000t\000a\000d\000o\000\040\000d\000e\000l\000\040\000a\000r\000t\000e}{}% 3
\BOOKMARK [1][-]{section.2.1}{\376\377\000M\000o\000t\000i\000v\000a\000c\000i\000\363\000n\000\040\000f\000\355\000s\000i\000c\000a}{chapter.2}% 4
\BOOKMARK [2][-]{subsection.2.1.1}{\376\377\000C\000a\000s\000c\000a\000d\000a\000\040\000e\000l\000e\000c\000t\000r\000o\000m\000a\000g\000n\000\351\000t\000i\000c\000a}{section.2.1}% 5
\BOOKMARK [2][-]{subsection.2.1.2}{\376\377\000D\000e\000t\000e\000c\000t\000o\000r\000\040\000L\000A\000r\000T\000P\000C}{section.2.1}% 6
\BOOKMARK [1][-]{section.2.2}{\376\377\000C\000o\000n\000c\000e\000p\000t\000o\000s\000\040\000d\000e\000\040\000c\000o\000m\000p\000u\000t\000a\000c\000i\000\363\000n}{chapter.2}% 7
\BOOKMARK [2][-]{subsection.2.2.1}{\376\377\000D\000e\000e\000p\000\040\000L\000e\000a\000r\000n\000i\000n\000g}{section.2.2}% 8
\BOOKMARK [2][-]{subsection.2.2.2}{\376\377\000M\000L\000O\000p\000s}{section.2.2}% 9
\BOOKMARK [1][-]{section.2.3}{\376\377\000E\000s\000t\000a\000d\000o\000\040\000d\000e\000l\000\040\000a\000r\000t\000e}{chapter.2}% 10
\BOOKMARK [0][-]{chapter.3}{\376\377\000M\000a\000c\000h\000i\000n\000e\000\040\000L\000e\000a\000r\000n\000i\000n\000g\000\040\000a\000p\000l\000i\000c\000a\000d\000o\000\040\000a\000\040\000l\000a\000\040\000c\000l\000a\000s\000i\000f\000i\000c\000a\000c\000i\000\363\000n\000\040\000d\000e\000\040\000c\000a\000s\000c\000a\000d\000a\000s\000\040\000e\000l\000e\000c\000t\000r\000o\000m\000a\000g\000n\000\351\000t\000i\000c\000a\000s}{}% 11
\BOOKMARK [1][-]{section.3.1}{\376\377\000D\000e\000s\000c\000r\000i\000p\000c\000i\000\363\000n\000\040\000d\000e\000l\000\040\000p\000r\000o\000b\000l\000e\000m\000a}{chapter.3}% 12
\BOOKMARK [1][-]{section.3.2}{\376\377\000P\000r\000e\000p\000r\000o\000c\000e\000s\000a\000m\000i\000e\000n\000t\000o\000\040\000d\000e\000\040\000l\000o\000s\000\040\000d\000a\000t\000o\000s}{chapter.3}% 13
\BOOKMARK [2][-]{subsection.3.2.1}{\376\377\000F\000o\000r\000m\000a\000s\000\040\000d\000e\000\040\000r\000e\000p\000r\000e\000s\000e\000n\000t\000a\000c\000i\000\363\000n}{section.3.2}% 14
\BOOKMARK [2][-]{subsection.3.2.2}{\376\377\000T\000r\000a\000n\000s\000f\000o\000r\000m\000a\000c\000i\000\363\000n\000\040\000d\000e\000\040\000l\000o\000s\000\040\000d\000a\000t\000o\000s\000\040\000a\000\040\000i\000m\000\341\000g\000e\000n\000e\000s}{section.3.2}% 15
\BOOKMARK [2][-]{subsection.3.2.3}{\376\377\000C\000o\000m\000e\000n\000t\000a\000r\000i\000o\000s\000\040\000f\000i\000n\000a\000l\000e\000s}{section.3.2}% 16
\BOOKMARK [1][-]{section.3.3}{\376\377\000M\000o\000d\000e\000l\000o\000s\000\040\000p\000r\000o\000p\000u\000e\000s\000t\000o\000s}{chapter.3}% 17
\BOOKMARK [1][-]{section.3.4}{\376\377\000F\000l\000u\000j\000o\000\040\000d\000e\000\040\000t\000r\000a\000b\000a\000j\000o}{chapter.3}% 18
\BOOKMARK [0][-]{chapter.4}{\376\377\000A\000n\000\341\000l\000i\000s\000i\000s\000\040\000d\000e\000\040\000l\000o\000s\000\040\000d\000a\000t\000o\000s}{}% 19
\BOOKMARK [0][-]{chapter.5}{\376\377\000D\000e\000s\000a\000r\000r\000o\000l\000l\000o\000\040\000d\000e\000\040\000l\000o\000s\000\040\000m\000o\000d\000e\000l\000o\000s\000\040\000p\000a\000r\000a\000\040\000l\000a\000\040\000c\000l\000a\000s\000i\000f\000i\000c\000a\000c\000i\000\363\000n}{}% 20
\BOOKMARK [1][-]{section.5.1}{\376\377\000R\000e\000p\000r\000e\000s\000e\000n\000t\000a\000c\000i\000o\000n\000e\000s\000\040\000d\000e\000\040\000l\000o\000s\000\040\000d\000a\000t\000o\000s}{chapter.5}% 21
\BOOKMARK [1][-]{section.5.2}{\376\377\000A\000r\000q\000u\000i\000t\000e\000c\000t\000u\000r\000a\000s}{chapter.5}% 22
\BOOKMARK [1][-]{section.5.3}{\376\377\000M\000\351\000t\000r\000i\000c\000a\000s}{chapter.5}% 23
\BOOKMARK [1][-]{section.5.4}{\376\377\000H\000i\000p\000e\000r\000p\000a\000r\000\341\000m\000e\000t\000r\000o\000s}{chapter.5}% 24
\BOOKMARK [1][-]{section.5.5}{\376\377\000E\000n\000t\000o\000r\000n\000o\000\040\000d\000e\000\040\000t\000r\000a\000b\000a\000j\000o}{chapter.5}% 25
\BOOKMARK [0][-]{chapter.6}{\376\377\000R\000e\000s\000u\000l\000t\000a\000d\000o\000s\000\040\000y\000\040\000d\000i\000s\000c\000u\000s\000i\000\363\000n}{}% 26
\BOOKMARK [1][-]{section.6.1}{\376\377\000M\000e\000t\000o\000d\000o\000l\000o\000g\000\355\000a\000\040\000d\000e\000\040\000e\000x\000p\000e\000r\000i\000m\000e\000n\000t\000a\000c\000i\000\363\000n}{chapter.6}% 27
\BOOKMARK [1][-]{section.6.2}{\376\377\000P\000r\000u\000e\000b\000a\000s\000\040\000i\000n\000i\000c\000i\000a\000l\000e\000s}{chapter.6}% 28
\BOOKMARK [1][-]{section.6.3}{\376\377\000S\000e\000l\000e\000c\000c\000i\000\363\000n\000\040\000d\000e\000\040\000u\000n\000a\000\040\000r\000e\000p\000r\000e\000s\000e\000n\000t\000a\000c\000i\000\363\000n}{chapter.6}% 29
\BOOKMARK [1][-]{section.6.4}{\376\377\000S\000e\000l\000e\000c\000c\000i\000\363\000n\000\040\000d\000e\000\040\000l\000a\000\040\000r\000e\000s\000o\000l\000u\000c\000i\000\363\000n}{chapter.6}% 30
\BOOKMARK [1][-]{section.6.5}{\376\377\000A\000j\000u\000s\000t\000e\000\040\000d\000e\000\040\000h\000i\000p\000e\000r\000p\000a\000r\000\341\000m\000e\000t\000r\000o\000s}{chapter.6}% 31
\BOOKMARK [1][-]{section.6.6}{\376\377\000B\000r\000e\000v\000e\000\040\000e\000s\000t\000u\000d\000i\000o\000\040\000d\000e\000l\000\040\000m\000o\000d\000e\000l\000o\000\040\000B\0002}{chapter.6}% 32
\BOOKMARK [1][-]{section.6.7}{\376\377\000C\000o\000n\000c\000a\000t\000e\000n\000a\000c\000i\000\363\000n\000\040\000d\000e\000\040\000r\000e\000d\000e\000s\000,\000\040\0003\000\040\000p\000r\000o\000y\000e\000c\000c\000i\000o\000n\000e\000s}{chapter.6}% 33
\BOOKMARK [0][-]{chapter.7}{\376\377\000C\000o\000n\000c\000l\000u\000s\000i\000o\000n\000e\000s\000\040\000y\000\040\000p\000e\000r\000s\000p\000e\000c\000t\000i\000v\000a\000\040\000d\000e\000\040\000f\000u\000t\000u\000r\000o}{}% 34
\BOOKMARK [0][-]{appendix.alph1.Alph1}{\376\377\000H\000i\000p\000e\000r\000p\000a\000r\000\341\000m\000e\000t\000r\000o\000s\000\040\000d\000e\000\040\000l\000o\000s\000\040\000e\000s\000t\000u\000d\000i\000o\000s}{}% 35
\BOOKMARK [1][-]{section.alph1.Alph1.1}{\376\377\000E\000s\000t\000u\000d\000i\000o\000\040\000d\000e\000\040\000l\000a\000\040\000c\000a\000p\000a\000\040\000d\000e\000\040\000n\000o\000r\000m\000a\000l\000i\000z\000a\000c\000i\000\363\000n\000\040\000p\000o\000r\000\040\000b\000a\000t\000c\000h\000\040\000y\000\040\000t\000r\000a\000n\000s\000f\000o\000r\000m\000a\000c\000i\000\363\000n\000\040\000l\000o\000g\000a\000r\000\355\000t\000m\000i\000c\000a}{appendix.alph1.Alph1}% 36
\BOOKMARK [1][-]{section.alph1.Alph1.2}{\376\377\000E\000s\000t\000u\000d\000i\000o\000\040\000d\000e\000\040\000l\000a\000\040\000r\000e\000p\000r\000e\000s\000e\000n\000t\000a\000c\000i\000\363\000n}{appendix.alph1.Alph1}% 37
\BOOKMARK [1][-]{section.alph1.Alph1.3}{\376\377\000E\000s\000t\000u\000d\000i\000o\000\040\000d\000e\000\040\000l\000a\000\040\000r\000e\000s\000o\000l\000u\000c\000i\000\363\000n}{appendix.alph1.Alph1}% 38
\BOOKMARK [1][-]{section.alph1.Alph1.4}{\376\377\000A\000j\000u\000s\000t\000e\000\040\000d\000e\000l\000\040\000m\000o\000d\000e\000l\000o\000\040\000L\000e\000N\000e\000t\000\040\000s\000i\000m\000p\000l\000e}{appendix.alph1.Alph1}% 39
\BOOKMARK [1][-]{section.alph1.Alph1.5}{\376\377\000A\000j\000u\000s\000t\000e\000\040\000d\000e\000l\000\040\000m\000o\000d\000e\000l\000o\000\040\000L\000e\000N\000e\000t\000\040\000c\000o\000m\000p\000l\000e\000j\000o}{appendix.alph1.Alph1}% 40
\BOOKMARK [1][-]{section.alph1.Alph1.6}{\376\377\000A\000j\000u\000s\000t\000e\000\040\000m\000o\000d\000e\000l\000o\000s\000\040\000p\000r\000e\000e\000n\000t\000r\000e\000n\000a\000d\000o\000s\000:\000\040\000O\000p\000t\000i\000m\000i\000z\000a\000c\000i\000\363\000n}{appendix.alph1.Alph1}% 41
\BOOKMARK [1][-]{section.alph1.Alph1.7}{\376\377\000A\000j\000u\000s\000t\000e\000\040\000m\000o\000d\000e\000l\000o\000s\000\040\000p\000r\000e\000e\000n\000t\000r\000e\000n\000a\000d\000o\000s}{appendix.alph1.Alph1}% 42
\BOOKMARK [0][-]{appendix.alph1.Alph2}{\376\377\000P\000l\000a\000n\000i\000f\000i\000c\000a\000c\000i\000\363\000n\000\040\000y\000\040\000P\000r\000e\000s\000u\000p\000u\000e\000s\000t\000o}{}% 43
\BOOKMARK [1][-]{section.alph1.Alph2.1}{\376\377\000P\000l\000a\000n\000i\000f\000i\000c\000a\000c\000i\000\363\000n}{appendix.alph1.Alph2}% 44
\BOOKMARK [1][-]{section.alph1.Alph2.2}{\376\377\000P\000r\000e\000s\000u\000p\000u\000e\000s\000t\000o}{appendix.alph1.Alph2}% 45
